
**** Build of configuration Debug for project SDU_projekt ****

"C:\\ti\\ccsv6\\utils\\bin\\gmake" -k all 
'Building file: ../main.c'
'Invoking: C2000 Compiler'
"C:/ti/ccsv6/tools/compiler/c2000_15.12.3.LTS/bin/cl2000" -v28 -ml -mt --float_support=fpu32 --include_path="C:/ti/ccsv6/tools/compiler/c2000_15.12.3.LTS/include" --include_path="C:/ti/controlSUITE/device_support/f2833x/v141/DSP2833x_common/include" --include_path="C:/ti/controlSUITE/device_support/f2833x/v141/DSP2833x_headers/include" -g --display_error_number --diag_warning=225 --diag_wrap=off --preproc_with_compile --preproc_dependency="main.d"  "../main.c"
"../main.c", line 62: warning #112-D: statement is unreachable
'Finished building: ../main.c'
' '
'Building file: ../sdu_source/kom.c'
'Invoking: C2000 Compiler'
"C:/ti/ccsv6/tools/compiler/c2000_15.12.3.LTS/bin/cl2000" -v28 -ml -mt --float_support=fpu32 --include_path="C:/ti/ccsv6/tools/compiler/c2000_15.12.3.LTS/include" --include_path="C:/ti/controlSUITE/device_support/f2833x/v141/DSP2833x_common/include" --include_path="C:/ti/controlSUITE/device_support/f2833x/v141/DSP2833x_headers/include" -g --display_error_number --diag_warning=225 --diag_wrap=off --preproc_with_compile --preproc_dependency="sdu_source/kom.d" --obj_directory="sdu_source"  "../sdu_source/kom.c"
'Finished building: ../sdu_source/kom.c'
' '
'Building file: ../sdu_source/qep.c'
'Invoking: C2000 Compiler'
"C:/ti/ccsv6/tools/compiler/c2000_15.12.3.LTS/bin/cl2000" -v28 -ml -mt --float_support=fpu32 --include_path="C:/ti/ccsv6/tools/compiler/c2000_15.12.3.LTS/include" --include_path="C:/ti/controlSUITE/device_support/f2833x/v141/DSP2833x_common/include" --include_path="C:/ti/controlSUITE/device_support/f2833x/v141/DSP2833x_headers/include" -g --display_error_number --diag_warning=225 --diag_wrap=off --preproc_with_compile --preproc_dependency="sdu_source/qep.d" --obj_directory="sdu_source"  "../sdu_source/qep.c"
'Finished building: ../sdu_source/qep.c'
' '
'Building target: SDU_projekt.out'
'Invoking: C2000 Linker'
"C:/ti/ccsv6/tools/compiler/c2000_15.12.3.LTS/bin/cl2000" -v28 -ml -mt --float_support=fpu32 -g --display_error_number --diag_warning=225 --diag_wrap=off -z -m"SDU_projekt.map" --stack_size=0x300 --warn_sections -i"C:/ti/ccsv6/tools/compiler/c2000_15.12.3.LTS/lib" -i"C:/ti/ccsv6/tools/compiler/c2000_15.12.3.LTS/include" --reread_libs --diag_wrap=off --display_error_number --xml_link_info="SDU_projekt_linkInfo.xml" --rom_model -o "SDU_projekt.out" "./DSP2833x_CodeStartBranch.obj" "./DSP2833x_GlobalVariableDefs.obj" "./main.obj" "./sdu_source/adc.obj" "./sdu_source/init.obj" "./sdu_source/kom.obj" "./sdu_source/pwm.obj" "./sdu_source/qep.obj" "../28335_RAM_lnk.cmd" "C:/ti/controlSUITE/device_support/f2833x/v141/DSP2833x_headers/cmd/DSP2833x_Headers_nonBIOS.cmd" "../IQmath_fpu32.lib"  -llibc.a 
<Linking>
warning #16002-D: build attribute vendor section TI missing in "../IQmath_fpu32.lib<IQ18div.obj>": compatibility cannot be determined
warning #16002-D: build attribute vendor section TI missing in "../IQmath_fpu32.lib<IQmathTables.obj>": compatibility cannot be determined
'Finished building target: SDU_projekt.out'
' '

**** Build Finished ****
